Started GET "/" for ::1 at 2020-11-17 07:12:53 -0500

PG::ConnectionBad - fe_sendauth: no password supplied:

Started POST "/__better_errors/9007a9163c75a20d/variables" for ::1 at 2020-11-17 07:12:54 -0500
Started GET "/" for ::1 at 2020-11-17 07:14:33 -0500

PG::ConnectionBad - fe_sendauth: no password supplied:

Started POST "/__better_errors/00b13f7eb1914671/variables" for ::1 at 2020-11-17 07:14:33 -0500
Started GET "/" for ::1 at 2020-11-17 07:14:41 -0500

PG::ConnectionBad - fe_sendauth: no password supplied:

Started POST "/__better_errors/cf9b388ecf929df3/variables" for ::1 at 2020-11-17 07:14:41 -0500
Started GET "/" for ::1 at 2020-11-17 07:17:46 -0500

ActiveRecord::NoDatabaseError - FATAL:  database "hideout_development" does not exist:

Started POST "/__better_errors/3d9372037781e7cb/variables" for ::1 at 2020-11-17 07:17:46 -0500
  [1m[35m (164.2ms)[0m  [1m[35mCREATE DATABASE "hideout_development" ENCODING = 'unicode'[0m
  ↳ bin/rails:9
  [1m[35m (0.9ms)[0m  [1m[35mCREATE DATABASE "hideout_development" ENCODING = 'unicode'[0m
  ↳ bin/rails:9
  [1m[35m (8.1ms)[0m  [1m[35mCREATE TABLE "schema_migrations" ("version" character varying NOT NULL PRIMARY KEY)[0m
  ↳ bin/rails:9
  [1m[35m (3.7ms)[0m  [1m[35mCREATE TABLE "ar_internal_metadata" ("key" character varying NOT NULL PRIMARY KEY, "value" character varying, "created_at" timestamp NOT NULL, "updated_at" timestamp NOT NULL)[0m
  ↳ bin/rails:9
  [1m[35m (0.2ms)[0m  [1m[34mSELECT pg_try_advisory_lock(122955317977835700)[0m
  ↳ bin/rails:9
  [1m[35m (0.5ms)[0m  [1m[34mSELECT "schema_migrations"."version" FROM "schema_migrations" ORDER BY "schema_migrations"."version" ASC[0m
  ↳ bin/rails:9
Migrating to CreateUsers (20201117122552)
  [1m[35m (0.2ms)[0m  [1m[34mSELECT pg_advisory_unlock(122955317977835700)[0m
  ↳ bin/rails:9
  [1m[35m (0.2ms)[0m  [1m[34mSELECT pg_try_advisory_lock(122955317977835700)[0m
  ↳ bin/rails:9
  [1m[35m (0.8ms)[0m  [1m[34mSELECT "schema_migrations"."version" FROM "schema_migrations" ORDER BY "schema_migrations"."version" ASC[0m
  ↳ bin/rails:9
Migrating to CreateUsers (20201117122552)
  [1m[35m (0.2ms)[0m  [1m[35mBEGIN[0m
  ↳ bin/rails:9
  [1m[35m (7.3ms)[0m  [1m[35mCREATE TABLE "users" ("id" bigserial primary key, "username" character varying NOT NULL, "email" character varying NOT NULL, "password_digest" character varying NOT NULL, "session_token" character varying NOT NULL, "created_at" timestamp NOT NULL, "updated_at" timestamp NOT NULL)[0m
  ↳ db/migrate/20201117122552_create_users.rb:3
  [1m[35m (1.5ms)[0m  [1m[35mCREATE UNIQUE INDEX  "index_users_on_username" ON "users"  ("username")[0m
  ↳ db/migrate/20201117122552_create_users.rb:11
  [1m[35m (1.0ms)[0m  [1m[35mCREATE UNIQUE INDEX  "index_users_on_email" ON "users"  ("email")[0m
  ↳ db/migrate/20201117122552_create_users.rb:12
  [1m[35m (1.2ms)[0m  [1m[35mCREATE UNIQUE INDEX  "index_users_on_password_digest" ON "users"  ("password_digest")[0m
  ↳ db/migrate/20201117122552_create_users.rb:13
  [1m[35m (1.2ms)[0m  [1m[35mCREATE UNIQUE INDEX  "index_users_on_session_token" ON "users"  ("session_token")[0m
  ↳ db/migrate/20201117122552_create_users.rb:14
  [1m[36mActiveRecord::SchemaMigration Create (0.6ms)[0m  [1m[32mINSERT INTO "schema_migrations" ("version") VALUES ($1) RETURNING "version"[0m  [["version", "20201117122552"]]
  ↳ bin/rails:9
  [1m[35m (0.6ms)[0m  [1m[35mCOMMIT[0m
  ↳ bin/rails:9
  [1m[36mActiveRecord::InternalMetadata Load (0.6ms)[0m  [1m[34mSELECT  "ar_internal_metadata".* FROM "ar_internal_metadata" WHERE "ar_internal_metadata"."key" = $1 LIMIT $2[0m  [["key", "environment"], ["LIMIT", 1]]
  ↳ bin/rails:9
  [1m[35m (0.2ms)[0m  [1m[35mBEGIN[0m
  ↳ bin/rails:9
  [1m[36mActiveRecord::InternalMetadata Create (0.5ms)[0m  [1m[32mINSERT INTO "ar_internal_metadata" ("key", "value", "created_at", "updated_at") VALUES ($1, $2, $3, $4) RETURNING "key"[0m  [["key", "environment"], ["value", "development"], ["created_at", "2020-11-17 13:00:12.465535"], ["updated_at", "2020-11-17 13:00:12.465535"]]
  ↳ bin/rails:9
  [1m[35m (0.3ms)[0m  [1m[35mCOMMIT[0m
  ↳ bin/rails:9
  [1m[35m (0.3ms)[0m  [1m[34mSELECT pg_advisory_unlock(122955317977835700)[0m
  ↳ bin/rails:9
  [1m[35m (0.3ms)[0m  [1m[34mSELECT "schema_migrations"."version" FROM "schema_migrations" ORDER BY "schema_migrations"."version" ASC[0m
  ↳ bin/rails:9
Started GET "/" for ::1 at 2020-11-17 08:56:49 -0500
  [1m[35m (1.0ms)[0m  [1m[34mSELECT "schema_migrations"."version" FROM "schema_migrations" ORDER BY "schema_migrations"."version" ASC[0m
  ↳ /Users/jhilesy/.rbenv/versions/2.5.1/lib/ruby/gems/2.5.0/gems/activerecord-5.2.4.4/lib/active_record/log_subscriber.rb:98
Processing by StaticPagesController#root as HTML
Completed 500 Internal Server Error in 19ms (ActiveRecord: 0.0ms)



ActionView::MissingTemplate - Missing template static_pages/root, application/root with {:locale=>[:en], :formats=>[:html], :variants=>[], :handlers=>[:raw, :erb, :html, :builder, :ruby, :coffee, :jbuilder]}. Searched in:
  * "/Users/jhilesy/hideout/hideout/app/views":
  app/controllers/static_pages_controller.rb:3:in `root'

Started POST "/__better_errors/f2a82be165932463/variables" for ::1 at 2020-11-17 08:56:49 -0500
Started GET "/" for ::1 at 2020-11-17 08:57:35 -0500
Processing by StaticPagesController#root as HTML
Completed 406 Not Acceptable in 100ms (ActiveRecord: 0.0ms)



ActionController::UnknownFormat - StaticPagesController#root is missing a template for this request format and variant.
request.formats: ["text/html"]
request.variant: []
NOTE! For XHR/Ajax or API requests, this action would normally respond with 204 No Content: an empty white screen. Since you're loading it in a web browser, we assume that you expected to actually render a template, not nothing, so we're showing an error to be extra-clear. If you expect 204 No Content, carry on. That's what you'll get from an XHR or API request. Give it a shot.:

Started POST "/__better_errors/e5a619d4cc1d0f4b/variables" for ::1 at 2020-11-17 08:57:36 -0500
Started GET "/" for ::1 at 2020-11-17 09:15:25 -0500

AbstractController::ActionNotFound - The action 'root' could not be found for StaticPagesController:

Started POST "/__better_errors/e8fbfb915a3d3b44/variables" for ::1 at 2020-11-17 09:15:26 -0500
Started GET "/" for ::1 at 2020-11-17 09:18:05 -0500
  [1m[35m (1.3ms)[0m  [1m[34mSELECT "schema_migrations"."version" FROM "schema_migrations" ORDER BY "schema_migrations"."version" ASC[0m
  ↳ /Users/jhilesy/.rbenv/versions/2.5.1/lib/ruby/gems/2.5.0/gems/activerecord-5.2.4.4/lib/active_record/log_subscriber.rb:98

AbstractController::ActionNotFound - The action 'root' could not be found for StaticPagesController:

Started POST "/__better_errors/8d07efddfe8825ba/variables" for ::1 at 2020-11-17 09:18:06 -0500
Started GET "/" for ::1 at 2020-11-17 09:19:44 -0500
  [1m[35m (1.4ms)[0m  [1m[34mSELECT "schema_migrations"."version" FROM "schema_migrations" ORDER BY "schema_migrations"."version" ASC[0m
  ↳ /Users/jhilesy/.rbenv/versions/2.5.1/lib/ruby/gems/2.5.0/gems/activerecord-5.2.4.4/lib/active_record/log_subscriber.rb:98
Processing by StaticPagesController#root as HTML
Completed 406 Not Acceptable in 155ms (ActiveRecord: 0.0ms)



ActionController::UnknownFormat - StaticPagesController#root is missing a template for this request format and variant.
request.formats: ["text/html"]
request.variant: []
NOTE! For XHR/Ajax or API requests, this action would normally respond with 204 No Content: an empty white screen. Since you're loading it in a web browser, we assume that you expected to actually render a template, not nothing, so we're showing an error to be extra-clear. If you expect 204 No Content, carry on. That's what you'll get from an XHR or API request. Give it a shot.:

Started POST "/__better_errors/1afdacea0c7259c2/variables" for ::1 at 2020-11-17 09:19:45 -0500
Started GET "/" for ::1 at 2020-11-17 09:22:48 -0500
  [1m[35m (1.4ms)[0m  [1m[34mSELECT "schema_migrations"."version" FROM "schema_migrations" ORDER BY "schema_migrations"."version" ASC[0m
  ↳ /Users/jhilesy/.rbenv/versions/2.5.1/lib/ruby/gems/2.5.0/gems/activerecord-5.2.4.4/lib/active_record/log_subscriber.rb:98
Processing by StaticPagesController#root as HTML
  Rendering static_pages/root.html.erb within layouts/application
  Rendered static_pages/root.html.erb within layouts/application (2.4ms)
Completed 200 OK in 2872ms (Views: 2867.4ms | ActiveRecord: 0.0ms)


